Copyright 1986-2020 Xilinx, Inc. All Rights Reserved.
------------------------------------------------------------------------------------
| Tool Version : Vivado v.2020.1 (win64) Build 2902540 Wed May 27 19:54:49 MDT 2020
| Date         : Wed Apr 27 12:25:09 2022
| Host         : PC-625 running 64-bit major release  (build 9200)
| Command      : report_control_sets -verbose -file top_control_sets_placed.rpt
| Design       : top
| Device       : xc7a50ti
------------------------------------------------------------------------------------

Control Set Information

Table of Contents
-----------------
1. Summary
2. Histogram
3. Flip-Flop Distribution
4. Detailed Control Set Information

1. Summary
----------

+----------------------------------------------------------+-------+
|                          Status                          | Count |
+----------------------------------------------------------+-------+
| Total control sets                                       |     6 |
|    Minimum number of control sets                        |     6 |
|    Addition due to synthesis replication                 |     0 |
|    Addition due to physical synthesis replication        |     0 |
| Unused register locations in slices containing registers |    24 |
+----------------------------------------------------------+-------+
* Control sets can be merged at opt_design using control_set_merge or merge_equivalent_drivers
** Run report_qor_suggestions for automated merging and remapping suggestions


2. Histogram
------------

+--------------------+-------+
|       Fanout       | Count |
+--------------------+-------+
| Total control sets |     6 |
| >= 0 to < 4        |     3 |
| >= 4 to < 6        |     0 |
| >= 6 to < 8        |     1 |
| >= 8 to < 10       |     0 |
| >= 10 to < 12      |     0 |
| >= 12 to < 14      |     0 |
| >= 14 to < 16      |     0 |
| >= 16              |     2 |
+--------------------+-------+
* Control sets can be remapped at either synth_design or opt_design


3. Flip-Flop Distribution
-------------------------

+--------------+-----------------------+------------------------+-----------------+--------------+
| Clock Enable | Synchronous Set/Reset | Asynchronous Set/Reset | Total Registers | Total Slices |
+--------------+-----------------------+------------------------+-----------------+--------------+
| No           | No                    | No                     |               1 |            1 |
| No           | No                    | Yes                    |               0 |            0 |
| No           | Yes                   | No                     |              31 |            8 |
| Yes          | No                    | No                     |              39 |           12 |
| Yes          | No                    | Yes                    |               0 |            0 |
| Yes          | Yes                   | No                     |               1 |            1 |
+--------------+-----------------------+------------------------+-----------------+--------------+


4. Detailed Control Set Information
-----------------------------------

+----------------------+----------------------+------------------------------------+------------------+----------------+--------------+
|     Clock Signal     |     Enable Signal    |          Set/Reset Signal          | Slice Load Count | Bel Load Count | Bels / Slice |
+----------------------+----------------------+------------------------------------+------------------+----------------+--------------+
|  CLK100MHZ_IBUF_BUFG |                      |                                    |                1 |              1 |         1.00 |
|  CLK100MHZ_IBUF_BUFG | tlc/clk_en0/sound_o0 |                                    |                1 |              1 |         1.00 |
|  CLK100MHZ_IBUF_BUFG | SW_IBUF[0]           | tlc/sounde_o_i_1_n_0               |                1 |              1 |         1.00 |
|  CLK100MHZ_IBUF_BUFG | tlc/sounde_o_i_1_n_0 |                                    |                3 |              6 |         2.00 |
|  CLK100MHZ_IBUF_BUFG |                      | tlc/clk_en0/s_cnt_local[0]_i_1_n_0 |                8 |             31 |         3.88 |
|  CLK100MHZ_IBUF_BUFG | tlc/clk_en0/duty_cnt |                                    |                8 |             32 |         4.00 |
+----------------------+----------------------+------------------------------------+------------------+----------------+--------------+


